<?xml version="1.0" encoding="UTF-8"?>
<testsuite name="uTest" tests="1" skipped="0" failures="0" errors="0" timestamp="2022-09-13T03:06:31" hostname="DESKTOP-M03FP11" time="199.456">
  <properties/>
  <testcase name="Verify the new user registration successfully" classname="uTest" time="199.456"/>
  <system-out><![CDATA[]]></system-out>
  <system-err><![CDATA[[Test worker] WARN net.thucydides.core.steps.BaseStepListener - stepStarted: net.thucydides.core.steps.ExecutedStepDescription@362a019c
[Test worker] WARN net.thucydides.core.steps.BaseStepListener - stepStarted: net.thucydides.core.steps.ExecutedStepDescription@38704ff0
[Test worker] WARN net.thucydides.core.steps.BaseStepListener - stepStarted: net.thucydides.core.steps.ExecutedStepDescription@14f3c6fc
sep 12, 2022 10:06:38 PM org.openqa.selenium.remote.DesiredCapabilities chrome
INFORMACIÓN: Using `new ChromeOptions()` is preferred to `DesiredCapabilities.chrome()`
[Test worker] INFO net.serenitybdd.core.webdriver.driverproviders.ProvideNewDriver - Instantiating driver
[Test worker] INFO net.serenitybdd.core.webdriver.driverproviders.ProvideNewDriver - Driver capabilities: Capabilities {acceptInsecureCerts: false, browserName: chrome, chrome.switches: --start-maximized, goog:chromeOptions: {args: [--start-maximized], extensions: []}, loggingPrefs: org.openqa.selenium.logging..., platform: ANY, version: }
Starting ChromeDriver 105.0.5195.52 (412c95e518836d8a7d97250d62b29c2ae6a26a85-refs/branch-heads/5195@{#853}) on port 44278
Only local connections are allowed.
Please see https://chromedriver.chromium.org/security-considerations for suggestions on keeping ChromeDriver safe.
ChromeDriver was started successfully.
sep 12, 2022 10:07:11 PM org.openqa.selenium.remote.ProtocolHandshake createSession
INFORMACIÓN: Detected dialect: W3C
[Test worker] WARN net.thucydides.core.steps.BaseStepListener - stepFinished: current outcome:Verify the new user registration successfully:Given The user is on the web page [Victor abrir url [Victor opens the U test]]
[Test worker] WARN net.thucydides.core.steps.BaseStepListener - stepFinished: current outcome:Verify the new user registration successfully:Given The user is on the web page [Victor abrir url [Victor opens the U test]]
[Test worker] WARN net.thucydides.core.steps.BaseStepListener - stepFinished: current outcome:Verify the new user registration successfully:Given The user is on the web page [Victor abrir url [Victor opens the U test]]
[Test worker] WARN net.thucydides.core.steps.BaseStepListener - stepStarted: net.thucydides.core.steps.ExecutedStepDescription@650c405c
[Test worker] WARN net.thucydides.core.steps.BaseStepListener - stepStarted: net.thucydides.core.steps.ExecutedStepDescription@5568c66f
[Test worker] WARN net.thucydides.core.steps.BaseStepListener - stepStarted: net.thucydides.core.steps.ExecutedStepDescription@7cfac39f
[Test worker] WARN net.thucydides.core.steps.BaseStepListener - stepFinished: current outcome:Verify the new user registration successfully:Given The user is on the web page [Victor abrir url [Victor opens the U test]], When The user fills out the form with all the required information
| firstName | lastName | email | cdPostal | city | country | createKey |
| Victor | Loaiza | cvsv@gmail.com | 055421 | Envigado | Colombia | Victorlb0896* | [Victor click inicial [Victor clicks on Clic en el botÃ³n Join today]]
[Test worker] WARN net.thucydides.core.steps.BaseStepListener - stepFinished: current outcome:Verify the new user registration successfully:Given The user is on the web page [Victor abrir url [Victor opens the U test]], When The user fills out the form with all the required information
| firstName | lastName | email | cdPostal | city | country | createKey |
| Victor | Loaiza | cvsv@gmail.com | 055421 | Envigado | Colombia | Victorlb0896* | [Victor click inicial [Victor clicks on Clic en el botÃ³n Join today]]
[Test worker] WARN net.thucydides.core.steps.BaseStepListener - stepStarted: net.thucydides.core.steps.ExecutedStepDescription@f0020b1
[Test worker] WARN net.thucydides.core.steps.BaseStepListener - stepStarted: net.thucydides.core.steps.ExecutedStepDescription@22ad1bae
[Test worker] WARN net.thucydides.core.steps.BaseStepListener - stepFinished: current outcome:Verify the new user registration successfully:Given The user is on the web page [Victor abrir url [Victor opens the U test]], When The user fills out the form with all the required information
| firstName | lastName | email | cdPostal | city | country | createKey |
| Victor | Loaiza | cvsv@gmail.com | 055421 | Envigado | Colombia | Victorlb0896* | [Victor click inicial [Victor clicks on Clic en el botÃ³n Join today], Victor informacion personal [Victor enters 'Victor' into Introducir nombre de usuario]]
[Test worker] WARN net.thucydides.core.steps.BaseStepListener - stepStarted: net.thucydides.core.steps.ExecutedStepDescription@4640195a
[Test worker] WARN net.thucydides.core.steps.BaseStepListener - stepFinished: current outcome:Verify the new user registration successfully:Given The user is on the web page [Victor abrir url [Victor opens the U test]], When The user fills out the form with all the required information
| firstName | lastName | email | cdPostal | city | country | createKey |
| Victor | Loaiza | cvsv@gmail.com | 055421 | Envigado | Colombia | Victorlb0896* | [Victor click inicial [Victor clicks on Clic en el botÃ³n Join today], Victor informacion personal [Victor enters 'Victor' into Introducir nombre de usuario, Victor enters 'Loaiza' into Introducir apellido de usuario]]
[Test worker] WARN net.thucydides.core.steps.BaseStepListener - stepStarted: net.thucydides.core.steps.ExecutedStepDescription@2091833
[Test worker] WARN net.thucydides.core.steps.BaseStepListener - stepFinished: current outcome:Verify the new user registration successfully:Given The user is on the web page [Victor abrir url [Victor opens the U test]], When The user fills out the form with all the required information
| firstName | lastName | email | cdPostal | city | country | createKey |
| Victor | Loaiza | cvsv@gmail.com | 055421 | Envigado | Colombia | Victorlb0896* | [Victor click inicial [Victor clicks on Clic en el botÃ³n Join today], Victor informacion personal [Victor enters 'Victor' into Introducir nombre de usuario, Victor enters 'Loaiza' into Introducir apellido de usuario, Victor enters 'cvsv@gmail.com' into Introducir email de usuario]]
[Test worker] WARN net.thucydides.core.steps.BaseStepListener - stepStarted: net.thucydides.core.steps.ExecutedStepDescription@25f61c2c
[Test worker] WARN net.thucydides.core.steps.BaseStepListener - stepFinished: current outcome:Verify the new user registration successfully:Given The user is on the web page [Victor abrir url [Victor opens the U test]], When The user fills out the form with all the required information
| firstName | lastName | email | cdPostal | city | country | createKey |
| Victor | Loaiza | cvsv@gmail.com | 055421 | Envigado | Colombia | Victorlb0896* | [Victor click inicial [Victor clicks on Clic en el botÃ³n Join today], Victor informacion personal [Victor enters 'Victor' into Introducir nombre de usuario, Victor enters 'Loaiza' into Introducir apellido de usuario, Victor enters 'cvsv@gmail.com' into Introducir email de usuario, Victor clicks on Introducir Mes de nacimiento de usuario]]
[Test worker] WARN net.thucydides.core.steps.BaseStepListener - stepStarted: net.thucydides.core.steps.ExecutedStepDescription@32f32623
[Test worker] WARN net.thucydides.core.steps.BaseStepListener - stepFinished: current outcome:Verify the new user registration successfully:Given The user is on the web page [Victor abrir url [Victor opens the U test]], When The user fills out the form with all the required information
| firstName | lastName | email | cdPostal | city | country | createKey |
| Victor | Loaiza | cvsv@gmail.com | 055421 | Envigado | Colombia | Victorlb0896* | [Victor click inicial [Victor clicks on Clic en el botÃ³n Join today], Victor informacion personal [Victor enters 'Victor' into Introducir nombre de usuario, Victor enters 'Loaiza' into Introducir apellido de usuario, Victor enters 'cvsv@gmail.com' into Introducir email de usuario, Victor clicks on Introducir Mes de nacimiento de usuario, Victor clicks on Introducir dia de nacimiento de usuario]]
[Test worker] WARN net.thucydides.core.steps.BaseStepListener - stepStarted: net.thucydides.core.steps.ExecutedStepDescription@1235151c
[Test worker] WARN net.thucydides.core.steps.BaseStepListener - stepFinished: current outcome:Verify the new user registration successfully:Given The user is on the web page [Victor abrir url [Victor opens the U test]], When The user fills out the form with all the required information
| firstName | lastName | email | cdPostal | city | country | createKey |
| Victor | Loaiza | cvsv@gmail.com | 055421 | Envigado | Colombia | Victorlb0896* | [Victor click inicial [Victor clicks on Clic en el botÃ³n Join today], Victor informacion personal [Victor enters 'Victor' into Introducir nombre de usuario, Victor enters 'Loaiza' into Introducir apellido de usuario, Victor enters 'cvsv@gmail.com' into Introducir email de usuario, Victor clicks on Introducir Mes de nacimiento de usuario, Victor clicks on Introducir dia de nacimiento de usuario, Victor clicks on Introducir aÃ±o de nacimiento de usuario]]
[Test worker] WARN net.thucydides.core.steps.BaseStepListener - stepStarted: net.thucydides.core.steps.ExecutedStepDescription@373e6b9d
[Test worker] WARN net.thucydides.core.steps.BaseStepListener - stepFinished: current outcome:Verify the new user registration successfully:Given The user is on the web page [Victor abrir url [Victor opens the U test]], When The user fills out the form with all the required information
| firstName | lastName | email | cdPostal | city | country | createKey |
| Victor | Loaiza | cvsv@gmail.com | 055421 | Envigado | Colombia | Victorlb0896* | [Victor click inicial [Victor clicks on Clic en el botÃ³n Join today], Victor informacion personal [Victor enters 'Victor' into Introducir nombre de usuario, Victor enters 'Loaiza' into Introducir apellido de usuario, Victor enters 'cvsv@gmail.com' into Introducir email de usuario, Victor clicks on Introducir Mes de nacimiento de usuario, Victor clicks on Introducir dia de nacimiento de usuario, Victor clicks on Introducir aÃ±o de nacimiento de usuario, Victor clicks on Click boton siguiente]]
[Test worker] WARN net.thucydides.core.steps.BaseStepListener - stepFinished: current outcome:Verify the new user registration successfully:Given The user is on the web page [Victor abrir url [Victor opens the U test]], When The user fills out the form with all the required information
| firstName | lastName | email | cdPostal | city | country | createKey |
| Victor | Loaiza | cvsv@gmail.com | 055421 | Envigado | Colombia | Victorlb0896* | [Victor click inicial [Victor clicks on Clic en el botÃ³n Join today], Victor informacion personal [Victor enters 'Victor' into Introducir nombre de usuario, Victor enters 'Loaiza' into Introducir apellido de usuario, Victor enters 'cvsv@gmail.com' into Introducir email de usuario, Victor clicks on Introducir Mes de nacimiento de usuario, Victor clicks on Introducir dia de nacimiento de usuario, Victor clicks on Introducir aÃ±o de nacimiento de usuario, Victor clicks on Click boton siguiente]]
[Test worker] WARN net.thucydides.core.steps.BaseStepListener - stepStarted: net.thucydides.core.steps.ExecutedStepDescription@9accff0
[Test worker] WARN net.thucydides.core.steps.BaseStepListener - stepStarted: net.thucydides.core.steps.ExecutedStepDescription@34451ed8
[Test worker] WARN net.thucydides.core.steps.BaseStepListener - stepFinished: current outcome:Verify the new user registration successfully:Given The user is on the web page [Victor abrir url [Victor opens the U test]], When The user fills out the form with all the required information
| firstName | lastName | email | cdPostal | city | country | createKey |
| Victor | Loaiza | cvsv@gmail.com | 055421 | Envigado | Colombia | Victorlb0896* | [Victor click inicial [Victor clicks on Clic en el botÃ³n Join today], Victor informacion personal [Victor enters 'Victor' into Introducir nombre de usuario, Victor enters 'Loaiza' into Introducir apellido de usuario, Victor enters 'cvsv@gmail.com' into Introducir email de usuario, Victor clicks on Introducir Mes de nacimiento de usuario, Victor clicks on Introducir dia de nacimiento de usuario, Victor clicks on Introducir aÃ±o de nacimiento de usuario, Victor clicks on Click boton siguiente], Victor informacion personal dos [Victor enters '055421' into Introducir codigo postal de usuario]]
[Test worker] WARN net.thucydides.core.steps.BaseStepListener - stepStarted: net.thucydides.core.steps.ExecutedStepDescription@3aed69dd
[Test worker] WARN net.thucydides.core.steps.BaseStepListener - stepFinished: current outcome:Verify the new user registration successfully:Given The user is on the web page [Victor abrir url [Victor opens the U test]], When The user fills out the form with all the required information
| firstName | lastName | email | cdPostal | city | country | createKey |
| Victor | Loaiza | cvsv@gmail.com | 055421 | Envigado | Colombia | Victorlb0896* | [Victor click inicial [Victor clicks on Clic en el botÃ³n Join today], Victor informacion personal [Victor enters 'Victor' into Introducir nombre de usuario, Victor enters 'Loaiza' into Introducir apellido de usuario, Victor enters 'cvsv@gmail.com' into Introducir email de usuario, Victor clicks on Introducir Mes de nacimiento de usuario, Victor clicks on Introducir dia de nacimiento de usuario, Victor clicks on Introducir aÃ±o de nacimiento de usuario, Victor clicks on Click boton siguiente], Victor informacion personal dos [Victor enters '055421' into Introducir codigo postal de usuario, Victor clicks on Click en menu de paises]]
[Test worker] WARN net.thucydides.core.steps.BaseStepListener - stepStarted: net.thucydides.core.steps.ExecutedStepDescription@23ad71bf
[Test worker] WARN net.thucydides.core.steps.BaseStepListener - stepFinished: current outcome:Verify the new user registration successfully:Given The user is on the web page [Victor abrir url [Victor opens the U test]], When The user fills out the form with all the required information
| firstName | lastName | email | cdPostal | city | country | createKey |
| Victor | Loaiza | cvsv@gmail.com | 055421 | Envigado | Colombia | Victorlb0896* | [Victor click inicial [Victor clicks on Clic en el botÃ³n Join today], Victor informacion personal [Victor enters 'Victor' into Introducir nombre de usuario, Victor enters 'Loaiza' into Introducir apellido de usuario, Victor enters 'cvsv@gmail.com' into Introducir email de usuario, Victor clicks on Introducir Mes de nacimiento de usuario, Victor clicks on Introducir dia de nacimiento de usuario, Victor clicks on Introducir aÃ±o de nacimiento de usuario, Victor clicks on Click boton siguiente], Victor informacion personal dos [Victor enters '055421' into Introducir codigo postal de usuario, Victor clicks on Click en menu de paises, Victor clicks on Introducir pais de residencia de usuario]]
[Test worker] WARN net.thucydides.core.steps.BaseStepListener - stepStarted: net.thucydides.core.steps.ExecutedStepDescription@3a7b2e2
[Test worker] WARN net.thucydides.core.steps.BaseStepListener - stepFinished: current outcome:Verify the new user registration successfully:Given The user is on the web page [Victor abrir url [Victor opens the U test]], When The user fills out the form with all the required information
| firstName | lastName | email | cdPostal | city | country | createKey |
| Victor | Loaiza | cvsv@gmail.com | 055421 | Envigado | Colombia | Victorlb0896* | [Victor click inicial [Victor clicks on Clic en el botÃ³n Join today], Victor informacion personal [Victor enters 'Victor' into Introducir nombre de usuario, Victor enters 'Loaiza' into Introducir apellido de usuario, Victor enters 'cvsv@gmail.com' into Introducir email de usuario, Victor clicks on Introducir Mes de nacimiento de usuario, Victor clicks on Introducir dia de nacimiento de usuario, Victor clicks on Introducir aÃ±o de nacimiento de usuario, Victor clicks on Click boton siguiente], Victor informacion personal dos [Victor enters '055421' into Introducir codigo postal de usuario, Victor clicks on Click en menu de paises, Victor clicks on Introducir pais de residencia de usuario, Victor clicks on Click boton siguiente]]
[Test worker] WARN net.thucydides.core.steps.BaseStepListener - stepFinished: current outcome:Verify the new user registration successfully:Given The user is on the web page [Victor abrir url [Victor opens the U test]], When The user fills out the form with all the required information
| firstName | lastName | email | cdPostal | city | country | createKey |
| Victor | Loaiza | cvsv@gmail.com | 055421 | Envigado | Colombia | Victorlb0896* | [Victor click inicial [Victor clicks on Clic en el botÃ³n Join today], Victor informacion personal [Victor enters 'Victor' into Introducir nombre de usuario, Victor enters 'Loaiza' into Introducir apellido de usuario, Victor enters 'cvsv@gmail.com' into Introducir email de usuario, Victor clicks on Introducir Mes de nacimiento de usuario, Victor clicks on Introducir dia de nacimiento de usuario, Victor clicks on Introducir aÃ±o de nacimiento de usuario, Victor clicks on Click boton siguiente], Victor informacion personal dos [Victor enters '055421' into Introducir codigo postal de usuario, Victor clicks on Click en menu de paises, Victor clicks on Introducir pais de residencia de usuario, Victor clicks on Click boton siguiente]]
[Test worker] WARN net.thucydides.core.steps.BaseStepListener - stepStarted: net.thucydides.core.steps.ExecutedStepDescription@422ab737
[Test worker] WARN net.thucydides.core.steps.BaseStepListener - stepStarted: net.thucydides.core.steps.ExecutedStepDescription@6c8fe7a4
[Test worker] WARN net.thucydides.core.steps.BaseStepListener - stepFinished: current outcome:Verify the new user registration successfully:Given The user is on the web page [Victor abrir url [Victor opens the U test]], When The user fills out the form with all the required information
| firstName | lastName | email | cdPostal | city | country | createKey |
| Victor | Loaiza | cvsv@gmail.com | 055421 | Envigado | Colombia | Victorlb0896* | [Victor click inicial [Victor clicks on Clic en el botÃ³n Join today], Victor informacion personal [Victor enters 'Victor' into Introducir nombre de usuario, Victor enters 'Loaiza' into Introducir apellido de usuario, Victor enters 'cvsv@gmail.com' into Introducir email de usuario, Victor clicks on Introducir Mes de nacimiento de usuario, Victor clicks on Introducir dia de nacimiento de usuario, Victor clicks on Introducir aÃ±o de nacimiento de usuario, Victor clicks on Click boton siguiente], Victor informacion personal dos [Victor enters '055421' into Introducir codigo postal de usuario, Victor clicks on Click en menu de paises, Victor clicks on Introducir pais de residencia de usuario, Victor clicks on Click boton siguiente], Victor informacion personal tre [Victor clicks on clic en computer]]
[Test worker] WARN net.thucydides.core.steps.BaseStepListener - stepStarted: net.thucydides.core.steps.ExecutedStepDescription@41bfa9e9
[Test worker] WARN net.thucydides.core.steps.BaseStepListener - stepFinished: current outcome:Verify the new user registration successfully:Given The user is on the web page [Victor abrir url [Victor opens the U test]], When The user fills out the form with all the required information
| firstName | lastName | email | cdPostal | city | country | createKey |
| Victor | Loaiza | cvsv@gmail.com | 055421 | Envigado | Colombia | Victorlb0896* | [Victor click inicial [Victor clicks on Clic en el botÃ³n Join today], Victor informacion personal [Victor enters 'Victor' into Introducir nombre de usuario, Victor enters 'Loaiza' into Introducir apellido de usuario, Victor enters 'cvsv@gmail.com' into Introducir email de usuario, Victor clicks on Introducir Mes de nacimiento de usuario, Victor clicks on Introducir dia de nacimiento de usuario, Victor clicks on Introducir aÃ±o de nacimiento de usuario, Victor clicks on Click boton siguiente], Victor informacion personal dos [Victor enters '055421' into Introducir codigo postal de usuario, Victor clicks on Click en menu de paises, Victor clicks on Introducir pais de residencia de usuario, Victor clicks on Click boton siguiente], Victor informacion personal tre [Victor clicks on clic en computer, Victor clicks on seleccione computer]]
[Test worker] WARN net.thucydides.core.steps.BaseStepListener - stepStarted: net.thucydides.core.steps.ExecutedStepDescription@52ca2652
[Test worker] WARN net.thucydides.core.steps.BaseStepListener - stepFinished: current outcome:Verify the new user registration successfully:Given The user is on the web page [Victor abrir url [Victor opens the U test]], When The user fills out the form with all the required information
| firstName | lastName | email | cdPostal | city | country | createKey |
| Victor | Loaiza | cvsv@gmail.com | 055421 | Envigado | Colombia | Victorlb0896* | [Victor click inicial [Victor clicks on Clic en el botÃ³n Join today], Victor informacion personal [Victor enters 'Victor' into Introducir nombre de usuario, Victor enters 'Loaiza' into Introducir apellido de usuario, Victor enters 'cvsv@gmail.com' into Introducir email de usuario, Victor clicks on Introducir Mes de nacimiento de usuario, Victor clicks on Introducir dia de nacimiento de usuario, Victor clicks on Introducir aÃ±o de nacimiento de usuario, Victor clicks on Click boton siguiente], Victor informacion personal dos [Victor enters '055421' into Introducir codigo postal de usuario, Victor clicks on Click en menu de paises, Victor clicks on Introducir pais de residencia de usuario, Victor clicks on Click boton siguiente], Victor informacion personal tre [Victor clicks on clic en computer, Victor clicks on seleccione computer, Victor clicks on clic en version]]
[Test worker] WARN net.thucydides.core.steps.BaseStepListener - stepStarted: net.thucydides.core.steps.ExecutedStepDescription@77724cbe
[Test worker] WARN net.thucydides.core.steps.BaseStepListener - stepFinished: current outcome:Verify the new user registration successfully:Given The user is on the web page [Victor abrir url [Victor opens the U test]], When The user fills out the form with all the required information
| firstName | lastName | email | cdPostal | city | country | createKey |
| Victor | Loaiza | cvsv@gmail.com | 055421 | Envigado | Colombia | Victorlb0896* | [Victor click inicial [Victor clicks on Clic en el botÃ³n Join today], Victor informacion personal [Victor enters 'Victor' into Introducir nombre de usuario, Victor enters 'Loaiza' into Introducir apellido de usuario, Victor enters 'cvsv@gmail.com' into Introducir email de usuario, Victor clicks on Introducir Mes de nacimiento de usuario, Victor clicks on Introducir dia de nacimiento de usuario, Victor clicks on Introducir aÃ±o de nacimiento de usuario, Victor clicks on Click boton siguiente], Victor informacion personal dos [Victor enters '055421' into Introducir codigo postal de usuario, Victor clicks on Click en menu de paises, Victor clicks on Introducir pais de residencia de usuario, Victor clicks on Click boton siguiente], Victor informacion personal tre [Victor clicks on clic en computer, Victor clicks on seleccione computer, Victor clicks on clic en version, Victor clicks on seleccione version]]
[Test worker] WARN net.thucydides.core.steps.BaseStepListener - stepStarted: net.thucydides.core.steps.ExecutedStepDescription@1e3f0aea
[Test worker] WARN net.thucydides.core.steps.BaseStepListener - stepFinished: current outcome:Verify the new user registration successfully:Given The user is on the web page [Victor abrir url [Victor opens the U test]], When The user fills out the form with all the required information
| firstName | lastName | email | cdPostal | city | country | createKey |
| Victor | Loaiza | cvsv@gmail.com | 055421 | Envigado | Colombia | Victorlb0896* | [Victor click inicial [Victor clicks on Clic en el botÃ³n Join today], Victor informacion personal [Victor enters 'Victor' into Introducir nombre de usuario, Victor enters 'Loaiza' into Introducir apellido de usuario, Victor enters 'cvsv@gmail.com' into Introducir email de usuario, Victor clicks on Introducir Mes de nacimiento de usuario, Victor clicks on Introducir dia de nacimiento de usuario, Victor clicks on Introducir aÃ±o de nacimiento de usuario, Victor clicks on Click boton siguiente], Victor informacion personal dos [Victor enters '055421' into Introducir codigo postal de usuario, Victor clicks on Click en menu de paises, Victor clicks on Introducir pais de residencia de usuario, Victor clicks on Click boton siguiente], Victor informacion personal tre [Victor clicks on clic en computer, Victor clicks on seleccione computer, Victor clicks on clic en version, Victor clicks on seleccione version, Victor clicks on clic en language]]
[Test worker] WARN net.thucydides.core.steps.BaseStepListener - stepStarted: net.thucydides.core.steps.ExecutedStepDescription@23ca36d
[Test worker] WARN net.thucydides.core.steps.BaseStepListener - stepFinished: current outcome:Verify the new user registration successfully:Given The user is on the web page [Victor abrir url [Victor opens the U test]], When The user fills out the form with all the required information
| firstName | lastName | email | cdPostal | city | country | createKey |
| Victor | Loaiza | cvsv@gmail.com | 055421 | Envigado | Colombia | Victorlb0896* | [Victor click inicial [Victor clicks on Clic en el botÃ³n Join today], Victor informacion personal [Victor enters 'Victor' into Introducir nombre de usuario, Victor enters 'Loaiza' into Introducir apellido de usuario, Victor enters 'cvsv@gmail.com' into Introducir email de usuario, Victor clicks on Introducir Mes de nacimiento de usuario, Victor clicks on Introducir dia de nacimiento de usuario, Victor clicks on Introducir aÃ±o de nacimiento de usuario, Victor clicks on Click boton siguiente], Victor informacion personal dos [Victor enters '055421' into Introducir codigo postal de usuario, Victor clicks on Click en menu de paises, Victor clicks on Introducir pais de residencia de usuario, Victor clicks on Click boton siguiente], Victor informacion personal tre [Victor clicks on clic en computer, Victor clicks on seleccione computer, Victor clicks on clic en version, Victor clicks on seleccione version, Victor clicks on clic en language, Victor clicks on seleccione language]]
[Test worker] WARN net.thucydides.core.steps.BaseStepListener - stepStarted: net.thucydides.core.steps.ExecutedStepDescription@2443abd6
[Test worker] WARN net.thucydides.core.steps.BaseStepListener - stepFinished: current outcome:Verify the new user registration successfully:Given The user is on the web page [Victor abrir url [Victor opens the U test]], When The user fills out the form with all the required information
| firstName | lastName | email | cdPostal | city | country | createKey |
| Victor | Loaiza | cvsv@gmail.com | 055421 | Envigado | Colombia | Victorlb0896* | [Victor click inicial [Victor clicks on Clic en el botÃ³n Join today], Victor informacion personal [Victor enters 'Victor' into Introducir nombre de usuario, Victor enters 'Loaiza' into Introducir apellido de usuario, Victor enters 'cvsv@gmail.com' into Introducir email de usuario, Victor clicks on Introducir Mes de nacimiento de usuario, Victor clicks on Introducir dia de nacimiento de usuario, Victor clicks on Introducir aÃ±o de nacimiento de usuario, Victor clicks on Click boton siguiente], Victor informacion personal dos [Victor enters '055421' into Introducir codigo postal de usuario, Victor clicks on Click en menu de paises, Victor clicks on Introducir pais de residencia de usuario, Victor clicks on Click boton siguiente], Victor informacion personal tre [Victor clicks on clic en computer, Victor clicks on seleccione computer, Victor clicks on clic en version, Victor clicks on seleccione version, Victor clicks on clic en language, Victor clicks on seleccione language, Victor clicks on clic en mobile]]
[Test worker] WARN net.thucydides.core.steps.BaseStepListener - stepStarted: net.thucydides.core.steps.ExecutedStepDescription@541bf968
[Test worker] WARN net.thucydides.core.steps.BaseStepListener - stepFinished: current outcome:Verify the new user registration successfully:Given The user is on the web page [Victor abrir url [Victor opens the U test]], When The user fills out the form with all the required information
| firstName | lastName | email | cdPostal | city | country | createKey |
| Victor | Loaiza | cvsv@gmail.com | 055421 | Envigado | Colombia | Victorlb0896* | [Victor click inicial [Victor clicks on Clic en el botÃ³n Join today], Victor informacion personal [Victor enters 'Victor' into Introducir nombre de usuario, Victor enters 'Loaiza' into Introducir apellido de usuario, Victor enters 'cvsv@gmail.com' into Introducir email de usuario, Victor clicks on Introducir Mes de nacimiento de usuario, Victor clicks on Introducir dia de nacimiento de usuario, Victor clicks on Introducir aÃ±o de nacimiento de usuario, Victor clicks on Click boton siguiente], Victor informacion personal dos [Victor enters '055421' into Introducir codigo postal de usuario, Victor clicks on Click en menu de paises, Victor clicks on Introducir pais de residencia de usuario, Victor clicks on Click boton siguiente], Victor informacion personal tre [Victor clicks on clic en computer, Victor clicks on seleccione computer, Victor clicks on clic en version, Victor clicks on seleccione version, Victor clicks on clic en language, Victor clicks on seleccione language, Victor clicks on clic en mobile, Victor clicks on seleccione mobile]]
[Test worker] WARN net.thucydides.core.steps.BaseStepListener - stepStarted: net.thucydides.core.steps.ExecutedStepDescription@1f71194d
[Test worker] WARN net.thucydides.core.steps.BaseStepListener - stepFinished: current outcome:Verify the new user registration successfully:Given The user is on the web page [Victor abrir url [Victor opens the U test]], When The user fills out the form with all the required information
| firstName | lastName | email | cdPostal | city | country | createKey |
| Victor | Loaiza | cvsv@gmail.com | 055421 | Envigado | Colombia | Victorlb0896* | [Victor click inicial [Victor clicks on Clic en el botÃ³n Join today], Victor informacion personal [Victor enters 'Victor' into Introducir nombre de usuario, Victor enters 'Loaiza' into Introducir apellido de usuario, Victor enters 'cvsv@gmail.com' into Introducir email de usuario, Victor clicks on Introducir Mes de nacimiento de usuario, Victor clicks on Introducir dia de nacimiento de usuario, Victor clicks on Introducir aÃ±o de nacimiento de usuario, Victor clicks on Click boton siguiente], Victor informacion personal dos [Victor enters '055421' into Introducir codigo postal de usuario, Victor clicks on Click en menu de paises, Victor clicks on Introducir pais de residencia de usuario, Victor clicks on Click boton siguiente], Victor informacion personal tre [Victor clicks on clic en computer, Victor clicks on seleccione computer, Victor clicks on clic en version, Victor clicks on seleccione version, Victor clicks on clic en language, Victor clicks on seleccione language, Victor clicks on clic en mobile, Victor clicks on seleccione mobile, Victor clicks on clic en model]]
[Test worker] WARN net.thucydides.core.steps.BaseStepListener - stepStarted: net.thucydides.core.steps.ExecutedStepDescription@1320e68a
[Test worker] WARN net.thucydides.core.steps.BaseStepListener - stepFinished: current outcome:Verify the new user registration successfully:Given The user is on the web page [Victor abrir url [Victor opens the U test]], When The user fills out the form with all the required information
| firstName | lastName | email | cdPostal | city | country | createKey |
| Victor | Loaiza | cvsv@gmail.com | 055421 | Envigado | Colombia | Victorlb0896* | [Victor click inicial [Victor clicks on Clic en el botÃ³n Join today], Victor informacion personal [Victor enters 'Victor' into Introducir nombre de usuario, Victor enters 'Loaiza' into Introducir apellido de usuario, Victor enters 'cvsv@gmail.com' into Introducir email de usuario, Victor clicks on Introducir Mes de nacimiento de usuario, Victor clicks on Introducir dia de nacimiento de usuario, Victor clicks on Introducir aÃ±o de nacimiento de usuario, Victor clicks on Click boton siguiente], Victor informacion personal dos [Victor enters '055421' into Introducir codigo postal de usuario, Victor clicks on Click en menu de paises, Victor clicks on Introducir pais de residencia de usuario, Victor clicks on Click boton siguiente], Victor informacion personal tre [Victor clicks on clic en computer, Victor clicks on seleccione computer, Victor clicks on clic en version, Victor clicks on seleccione version, Victor clicks on clic en language, Victor clicks on seleccione language, Victor clicks on clic en mobile, Victor clicks on seleccione mobile, Victor clicks on clic en model, Victor clicks on seleccione model]]
[Test worker] WARN net.thucydides.core.steps.BaseStepListener - stepStarted: net.thucydides.core.steps.ExecutedStepDescription@32a72c4
[Test worker] WARN net.thucydides.core.steps.BaseStepListener - stepFinished: current outcome:Verify the new user registration successfully:Given The user is on the web page [Victor abrir url [Victor opens the U test]], When The user fills out the form with all the required information
| firstName | lastName | email | cdPostal | city | country | createKey |
| Victor | Loaiza | cvsv@gmail.com | 055421 | Envigado | Colombia | Victorlb0896* | [Victor click inicial [Victor clicks on Clic en el botÃ³n Join today], Victor informacion personal [Victor enters 'Victor' into Introducir nombre de usuario, Victor enters 'Loaiza' into Introducir apellido de usuario, Victor enters 'cvsv@gmail.com' into Introducir email de usuario, Victor clicks on Introducir Mes de nacimiento de usuario, Victor clicks on Introducir dia de nacimiento de usuario, Victor clicks on Introducir aÃ±o de nacimiento de usuario, Victor clicks on Click boton siguiente], Victor informacion personal dos [Victor enters '055421' into Introducir codigo postal de usuario, Victor clicks on Click en menu de paises, Victor clicks on Introducir pais de residencia de usuario, Victor clicks on Click boton siguiente], Victor informacion personal tre [Victor clicks on clic en computer, Victor clicks on seleccione computer, Victor clicks on clic en version, Victor clicks on seleccione version, Victor clicks on clic en language, Victor clicks on seleccione language, Victor clicks on clic en mobile, Victor clicks on seleccione mobile, Victor clicks on clic en model, Victor clicks on seleccione model, Victor clicks on clic en system]]
[Test worker] WARN net.thucydides.core.steps.BaseStepListener - stepStarted: net.thucydides.core.steps.ExecutedStepDescription@2bb62414
[Test worker] WARN net.thucydides.core.steps.BaseStepListener - stepFinished: current outcome:Verify the new user registration successfully:Given The user is on the web page [Victor abrir url [Victor opens the U test]], When The user fills out the form with all the required information
| firstName | lastName | email | cdPostal | city | country | createKey |
| Victor | Loaiza | cvsv@gmail.com | 055421 | Envigado | Colombia | Victorlb0896* | [Victor click inicial [Victor clicks on Clic en el botÃ³n Join today], Victor informacion personal [Victor enters 'Victor' into Introducir nombre de usuario, Victor enters 'Loaiza' into Introducir apellido de usuario, Victor enters 'cvsv@gmail.com' into Introducir email de usuario, Victor clicks on Introducir Mes de nacimiento de usuario, Victor clicks on Introducir dia de nacimiento de usuario, Victor clicks on Introducir aÃ±o de nacimiento de usuario, Victor clicks on Click boton siguiente], Victor informacion personal dos [Victor enters '055421' into Introducir codigo postal de usuario, Victor clicks on Click en menu de paises, Victor clicks on Introducir pais de residencia de usuario, Victor clicks on Click boton siguiente], Victor informacion personal tre [Victor clicks on clic en computer, Victor clicks on seleccione computer, Victor clicks on clic en version, Victor clicks on seleccione version, Victor clicks on clic en language, Victor clicks on seleccione language, Victor clicks on clic en mobile, Victor clicks on seleccione mobile, Victor clicks on clic en model, Victor clicks on seleccione model, Victor clicks on clic en system, Victor clicks on seleccione system]]
[Test worker] WARN net.thucydides.core.steps.BaseStepListener - stepStarted: net.thucydides.core.steps.ExecutedStepDescription@70997a94
[Test worker] WARN net.thucydides.core.steps.BaseStepListener - stepFinished: current outcome:Verify the new user registration successfully:Given The user is on the web page [Victor abrir url [Victor opens the U test]], When The user fills out the form with all the required information
| firstName | lastName | email | cdPostal | city | country | createKey |
| Victor | Loaiza | cvsv@gmail.com | 055421 | Envigado | Colombia | Victorlb0896* | [Victor click inicial [Victor clicks on Clic en el botÃ³n Join today], Victor informacion personal [Victor enters 'Victor' into Introducir nombre de usuario, Victor enters 'Loaiza' into Introducir apellido de usuario, Victor enters 'cvsv@gmail.com' into Introducir email de usuario, Victor clicks on Introducir Mes de nacimiento de usuario, Victor clicks on Introducir dia de nacimiento de usuario, Victor clicks on Introducir aÃ±o de nacimiento de usuario, Victor clicks on Click boton siguiente], Victor informacion personal dos [Victor enters '055421' into Introducir codigo postal de usuario, Victor clicks on Click en menu de paises, Victor clicks on Introducir pais de residencia de usuario, Victor clicks on Click boton siguiente], Victor informacion personal tre [Victor clicks on clic en computer, Victor clicks on seleccione computer, Victor clicks on clic en version, Victor clicks on seleccione version, Victor clicks on clic en language, Victor clicks on seleccione language, Victor clicks on clic en mobile, Victor clicks on seleccione mobile, Victor clicks on clic en model, Victor clicks on seleccione model, Victor clicks on clic en system, Victor clicks on seleccione system, Victor clicks on clic en next last step]]
[Test worker] WARN net.thucydides.core.steps.BaseStepListener - stepFinished: current outcome:Verify the new user registration successfully:Given The user is on the web page [Victor abrir url [Victor opens the U test]], When The user fills out the form with all the required information
| firstName | lastName | email | cdPostal | city | country | createKey |
| Victor | Loaiza | cvsv@gmail.com | 055421 | Envigado | Colombia | Victorlb0896* | [Victor click inicial [Victor clicks on Clic en el botÃ³n Join today], Victor informacion personal [Victor enters 'Victor' into Introducir nombre de usuario, Victor enters 'Loaiza' into Introducir apellido de usuario, Victor enters 'cvsv@gmail.com' into Introducir email de usuario, Victor clicks on Introducir Mes de nacimiento de usuario, Victor clicks on Introducir dia de nacimiento de usuario, Victor clicks on Introducir aÃ±o de nacimiento de usuario, Victor clicks on Click boton siguiente], Victor informacion personal dos [Victor enters '055421' into Introducir codigo postal de usuario, Victor clicks on Click en menu de paises, Victor clicks on Introducir pais de residencia de usuario, Victor clicks on Click boton siguiente], Victor informacion personal tre [Victor clicks on clic en computer, Victor clicks on seleccione computer, Victor clicks on clic en version, Victor clicks on seleccione version, Victor clicks on clic en language, Victor clicks on seleccione language, Victor clicks on clic en mobile, Victor clicks on seleccione mobile, Victor clicks on clic en model, Victor clicks on seleccione model, Victor clicks on clic en system, Victor clicks on seleccione system, Victor clicks on clic en next last step]]
[Test worker] WARN net.thucydides.core.steps.BaseStepListener - stepStarted: net.thucydides.core.steps.ExecutedStepDescription@5f08fe00
[Test worker] WARN net.thucydides.core.steps.BaseStepListener - stepStarted: net.thucydides.core.steps.ExecutedStepDescription@5e1a986c
[Test worker] WARN net.thucydides.core.steps.BaseStepListener - stepFinished: current outcome:Verify the new user registration successfully:Given The user is on the web page [Victor abrir url [Victor opens the U test]], When The user fills out the form with all the required information
| firstName | lastName | email | cdPostal | city | country | createKey |
| Victor | Loaiza | cvsv@gmail.com | 055421 | Envigado | Colombia | Victorlb0896* | [Victor click inicial [Victor clicks on Clic en el botÃ³n Join today], Victor informacion personal [Victor enters 'Victor' into Introducir nombre de usuario, Victor enters 'Loaiza' into Introducir apellido de usuario, Victor enters 'cvsv@gmail.com' into Introducir email de usuario, Victor clicks on Introducir Mes de nacimiento de usuario, Victor clicks on Introducir dia de nacimiento de usuario, Victor clicks on Introducir aÃ±o de nacimiento de usuario, Victor clicks on Click boton siguiente], Victor informacion personal dos [Victor enters '055421' into Introducir codigo postal de usuario, Victor clicks on Click en menu de paises, Victor clicks on Introducir pais de residencia de usuario, Victor clicks on Click boton siguiente], Victor informacion personal tre [Victor clicks on clic en computer, Victor clicks on seleccione computer, Victor clicks on clic en version, Victor clicks on seleccione version, Victor clicks on clic en language, Victor clicks on seleccione language, Victor clicks on clic en mobile, Victor clicks on seleccione mobile, Victor clicks on clic en model, Victor clicks on seleccione model, Victor clicks on clic en system, Victor clicks on seleccione system, Victor clicks on clic en next last step], Victor informacion personal cuatr [Victor enters 'Victorlb0896*' into IntroducircontraseÃ±a de usuario]]
[Test worker] WARN net.thucydides.core.steps.BaseStepListener - stepStarted: net.thucydides.core.steps.ExecutedStepDescription@13866329
[Test worker] WARN net.thucydides.core.steps.BaseStepListener - stepFinished: current outcome:Verify the new user registration successfully:Given The user is on the web page [Victor abrir url [Victor opens the U test]], When The user fills out the form with all the required information
| firstName | lastName | email | cdPostal | city | country | createKey |
| Victor | Loaiza | cvsv@gmail.com | 055421 | Envigado | Colombia | Victorlb0896* | [Victor click inicial [Victor clicks on Clic en el botÃ³n Join today], Victor informacion personal [Victor enters 'Victor' into Introducir nombre de usuario, Victor enters 'Loaiza' into Introducir apellido de usuario, Victor enters 'cvsv@gmail.com' into Introducir email de usuario, Victor clicks on Introducir Mes de nacimiento de usuario, Victor clicks on Introducir dia de nacimiento de usuario, Victor clicks on Introducir aÃ±o de nacimiento de usuario, Victor clicks on Click boton siguiente], Victor informacion personal dos [Victor enters '055421' into Introducir codigo postal de usuario, Victor clicks on Click en menu de paises, Victor clicks on Introducir pais de residencia de usuario, Victor clicks on Click boton siguiente], Victor informacion personal tre [Victor clicks on clic en computer, Victor clicks on seleccione computer, Victor clicks on clic en version, Victor clicks on seleccione version, Victor clicks on clic en language, Victor clicks on seleccione language, Victor clicks on clic en mobile, Victor clicks on seleccione mobile, Victor clicks on clic en model, Victor clicks on seleccione model, Victor clicks on clic en system, Victor clicks on seleccione system, Victor clicks on clic en next last step], Victor informacion personal cuatr [Victor enters 'Victorlb0896*' into IntroducircontraseÃ±a de usuario, Victor enters 'Victorlb0896*' into Introducir contraseÃ±a de usuario]]
[Test worker] WARN net.thucydides.core.steps.BaseStepListener - stepStarted: net.thucydides.core.steps.ExecutedStepDescription@149274cb
[Test worker] WARN net.thucydides.core.steps.BaseStepListener - stepFinished: current outcome:Verify the new user registration successfully:Given The user is on the web page [Victor abrir url [Victor opens the U test]], When The user fills out the form with all the required information
| firstName | lastName | email | cdPostal | city | country | createKey |
| Victor | Loaiza | cvsv@gmail.com | 055421 | Envigado | Colombia | Victorlb0896* | [Victor click inicial [Victor clicks on Clic en el botÃ³n Join today], Victor informacion personal [Victor enters 'Victor' into Introducir nombre de usuario, Victor enters 'Loaiza' into Introducir apellido de usuario, Victor enters 'cvsv@gmail.com' into Introducir email de usuario, Victor clicks on Introducir Mes de nacimiento de usuario, Victor clicks on Introducir dia de nacimiento de usuario, Victor clicks on Introducir aÃ±o de nacimiento de usuario, Victor clicks on Click boton siguiente], Victor informacion personal dos [Victor enters '055421' into Introducir codigo postal de usuario, Victor clicks on Click en menu de paises, Victor clicks on Introducir pais de residencia de usuario, Victor clicks on Click boton siguiente], Victor informacion personal tre [Victor clicks on clic en computer, Victor clicks on seleccione computer, Victor clicks on clic en version, Victor clicks on seleccione version, Victor clicks on clic en language, Victor clicks on seleccione language, Victor clicks on clic en mobile, Victor clicks on seleccione mobile, Victor clicks on clic en model, Victor clicks on seleccione model, Victor clicks on clic en system, Victor clicks on seleccione system, Victor clicks on clic en next last step], Victor informacion personal cuatr [Victor enters 'Victorlb0896*' into IntroducircontraseÃ±a de usuario, Victor enters 'Victorlb0896*' into Introducir contraseÃ±a de usuario, Victor clicks on Introducir contraseÃ±a de usuario]]
[Test worker] WARN net.thucydides.core.steps.BaseStepListener - stepStarted: net.thucydides.core.steps.ExecutedStepDescription@1129829c
[Test worker] WARN net.thucydides.core.steps.BaseStepListener - stepFinished: current outcome:Verify the new user registration successfully:Given The user is on the web page [Victor abrir url [Victor opens the U test]], When The user fills out the form with all the required information
| firstName | lastName | email | cdPostal | city | country | createKey |
| Victor | Loaiza | cvsv@gmail.com | 055421 | Envigado | Colombia | Victorlb0896* | [Victor click inicial [Victor clicks on Clic en el botÃ³n Join today], Victor informacion personal [Victor enters 'Victor' into Introducir nombre de usuario, Victor enters 'Loaiza' into Introducir apellido de usuario, Victor enters 'cvsv@gmail.com' into Introducir email de usuario, Victor clicks on Introducir Mes de nacimiento de usuario, Victor clicks on Introducir dia de nacimiento de usuario, Victor clicks on Introducir aÃ±o de nacimiento de usuario, Victor clicks on Click boton siguiente], Victor informacion personal dos [Victor enters '055421' into Introducir codigo postal de usuario, Victor clicks on Click en menu de paises, Victor clicks on Introducir pais de residencia de usuario, Victor clicks on Click boton siguiente], Victor informacion personal tre [Victor clicks on clic en computer, Victor clicks on seleccione computer, Victor clicks on clic en version, Victor clicks on seleccione version, Victor clicks on clic en language, Victor clicks on seleccione language, Victor clicks on clic en mobile, Victor clicks on seleccione mobile, Victor clicks on clic en model, Victor clicks on seleccione model, Victor clicks on clic en system, Victor clicks on seleccione system, Victor clicks on clic en next last step], Victor informacion personal cuatr [Victor enters 'Victorlb0896*' into IntroducircontraseÃ±a de usuario, Victor enters 'Victorlb0896*' into Introducir contraseÃ±a de usuario, Victor clicks on Introducir contraseÃ±a de usuario, Victor clicks on Introducir contraseÃ±a de usuario]]
[Test worker] WARN net.thucydides.core.steps.BaseStepListener - stepStarted: net.thucydides.core.steps.ExecutedStepDescription@805e72e
[Test worker] WARN net.thucydides.core.steps.BaseStepListener - stepFinished: current outcome:Verify the new user registration successfully:Given The user is on the web page [Victor abrir url [Victor opens the U test]], When The user fills out the form with all the required information
| firstName | lastName | email | cdPostal | city | country | createKey |
| Victor | Loaiza | cvsv@gmail.com | 055421 | Envigado | Colombia | Victorlb0896* | [Victor click inicial [Victor clicks on Clic en el botÃ³n Join today], Victor informacion personal [Victor enters 'Victor' into Introducir nombre de usuario, Victor enters 'Loaiza' into Introducir apellido de usuario, Victor enters 'cvsv@gmail.com' into Introducir email de usuario, Victor clicks on Introducir Mes de nacimiento de usuario, Victor clicks on Introducir dia de nacimiento de usuario, Victor clicks on Introducir aÃ±o de nacimiento de usuario, Victor clicks on Click boton siguiente], Victor informacion personal dos [Victor enters '055421' into Introducir codigo postal de usuario, Victor clicks on Click en menu de paises, Victor clicks on Introducir pais de residencia de usuario, Victor clicks on Click boton siguiente], Victor informacion personal tre [Victor clicks on clic en computer, Victor clicks on seleccione computer, Victor clicks on clic en version, Victor clicks on seleccione version, Victor clicks on clic en language, Victor clicks on seleccione language, Victor clicks on clic en mobile, Victor clicks on seleccione mobile, Victor clicks on clic en model, Victor clicks on seleccione model, Victor clicks on clic en system, Victor clicks on seleccione system, Victor clicks on clic en next last step], Victor informacion personal cuatr [Victor enters 'Victorlb0896*' into IntroducircontraseÃ±a de usuario, Victor enters 'Victorlb0896*' into Introducir contraseÃ±a de usuario, Victor clicks on Introducir contraseÃ±a de usuario, Victor clicks on Introducir contraseÃ±a de usuario, Victor clicks on Introducir contraseÃ±a de usuario]]
[Test worker] WARN net.thucydides.core.steps.BaseStepListener - stepFinished: current outcome:Verify the new user registration successfully:Given The user is on the web page [Victor abrir url [Victor opens the U test]], When The user fills out the form with all the required information
| firstName | lastName | email | cdPostal | city | country | createKey |
| Victor | Loaiza | cvsv@gmail.com | 055421 | Envigado | Colombia | Victorlb0896* | [Victor click inicial [Victor clicks on Clic en el botÃ³n Join today], Victor informacion personal [Victor enters 'Victor' into Introducir nombre de usuario, Victor enters 'Loaiza' into Introducir apellido de usuario, Victor enters 'cvsv@gmail.com' into Introducir email de usuario, Victor clicks on Introducir Mes de nacimiento de usuario, Victor clicks on Introducir dia de nacimiento de usuario, Victor clicks on Introducir aÃ±o de nacimiento de usuario, Victor clicks on Click boton siguiente], Victor informacion personal dos [Victor enters '055421' into Introducir codigo postal de usuario, Victor clicks on Click en menu de paises, Victor clicks on Introducir pais de residencia de usuario, Victor clicks on Click boton siguiente], Victor informacion personal tre [Victor clicks on clic en computer, Victor clicks on seleccione computer, Victor clicks on clic en version, Victor clicks on seleccione version, Victor clicks on clic en language, Victor clicks on seleccione language, Victor clicks on clic en mobile, Victor clicks on seleccione mobile, Victor clicks on clic en model, Victor clicks on seleccione model, Victor clicks on clic en system, Victor clicks on seleccione system, Victor clicks on clic en next last step], Victor informacion personal cuatr [Victor enters 'Victorlb0896*' into IntroducircontraseÃ±a de usuario, Victor enters 'Victorlb0896*' into Introducir contraseÃ±a de usuario, Victor clicks on Introducir contraseÃ±a de usuario, Victor clicks on Introducir contraseÃ±a de usuario, Victor clicks on Introducir contraseÃ±a de usuario]]
[Test worker] WARN net.thucydides.core.steps.BaseStepListener - stepFinished: current outcome:Verify the new user registration successfully:Given The user is on the web page [Victor abrir url [Victor opens the U test]], When The user fills out the form with all the required information
| firstName | lastName | email | cdPostal | city | country | createKey |
| Victor | Loaiza | cvsv@gmail.com | 055421 | Envigado | Colombia | Victorlb0896* | [Victor click inicial [Victor clicks on Clic en el botÃ³n Join today], Victor informacion personal [Victor enters 'Victor' into Introducir nombre de usuario, Victor enters 'Loaiza' into Introducir apellido de usuario, Victor enters 'cvsv@gmail.com' into Introducir email de usuario, Victor clicks on Introducir Mes de nacimiento de usuario, Victor clicks on Introducir dia de nacimiento de usuario, Victor clicks on Introducir aÃ±o de nacimiento de usuario, Victor clicks on Click boton siguiente], Victor informacion personal dos [Victor enters '055421' into Introducir codigo postal de usuario, Victor clicks on Click en menu de paises, Victor clicks on Introducir pais de residencia de usuario, Victor clicks on Click boton siguiente], Victor informacion personal tre [Victor clicks on clic en computer, Victor clicks on seleccione computer, Victor clicks on clic en version, Victor clicks on seleccione version, Victor clicks on clic en language, Victor clicks on seleccione language, Victor clicks on clic en mobile, Victor clicks on seleccione mobile, Victor clicks on clic en model, Victor clicks on seleccione model, Victor clicks on clic en system, Victor clicks on seleccione system, Victor clicks on clic en next last step], Victor informacion personal cuatr [Victor enters 'Victorlb0896*' into IntroducircontraseÃ±a de usuario, Victor enters 'Victorlb0896*' into Introducir contraseÃ±a de usuario, Victor clicks on Introducir contraseÃ±a de usuario, Victor clicks on Introducir contraseÃ±a de usuario, Victor clicks on Introducir contraseÃ±a de usuario]]
[Test worker] WARN net.thucydides.core.steps.BaseStepListener - stepStarted: net.thucydides.core.steps.ExecutedStepDescription@632383b9
[Test worker] WARN net.thucydides.core.steps.BaseStepListener - stepStarted: net.thucydides.core.steps.ExecutedStepDescription@2dbfa972
[Test worker] WARN net.thucydides.core.steps.BaseStepListener - stepFinished: current outcome:Verify the new user registration successfully:Given The user is on the web page [Victor abrir url [Victor opens the U test]], When The user fills out the form with all the required information
| firstName | lastName | email | cdPostal | city | country | createKey |
| Victor | Loaiza | cvsv@gmail.com | 055421 | Envigado | Colombia | Victorlb0896* | [Victor click inicial [Victor clicks on Clic en el botÃ³n Join today], Victor informacion personal [Victor enters 'Victor' into Introducir nombre de usuario, Victor enters 'Loaiza' into Introducir apellido de usuario, Victor enters 'cvsv@gmail.com' into Introducir email de usuario, Victor clicks on Introducir Mes de nacimiento de usuario, Victor clicks on Introducir dia de nacimiento de usuario, Victor clicks on Introducir aÃ±o de nacimiento de usuario, Victor clicks on Click boton siguiente], Victor informacion personal dos [Victor enters '055421' into Introducir codigo postal de usuario, Victor clicks on Click en menu de paises, Victor clicks on Introducir pais de residencia de usuario, Victor clicks on Click boton siguiente], Victor informacion personal tre [Victor clicks on clic en computer, Victor clicks on seleccione computer, Victor clicks on clic en version, Victor clicks on seleccione version, Victor clicks on clic en language, Victor clicks on seleccione language, Victor clicks on clic en mobile, Victor clicks on seleccione mobile, Victor clicks on clic en model, Victor clicks on seleccione model, Victor clicks on clic en system, Victor clicks on seleccione system, Victor clicks on clic en next last step], Victor informacion personal cuatr [Victor enters 'Victorlb0896*' into IntroducircontraseÃ±a de usuario, Victor enters 'Victorlb0896*' into Introducir contraseÃ±a de usuario, Victor clicks on Introducir contraseÃ±a de usuario, Victor clicks on Introducir contraseÃ±a de usuario, Victor clicks on Introducir contraseÃ±a de usuario]], Then Verify that the user was created successfully
| validar |
| The last step | [Then validacion]
[Test worker] WARN net.thucydides.core.steps.BaseStepListener - stepFinished: current outcome:Verify the new user registration successfully:Given The user is on the web page [Victor abrir url [Victor opens the U test]], When The user fills out the form with all the required information
| firstName | lastName | email | cdPostal | city | country | createKey |
| Victor | Loaiza | cvsv@gmail.com | 055421 | Envigado | Colombia | Victorlb0896* | [Victor click inicial [Victor clicks on Clic en el botÃ³n Join today], Victor informacion personal [Victor enters 'Victor' into Introducir nombre de usuario, Victor enters 'Loaiza' into Introducir apellido de usuario, Victor enters 'cvsv@gmail.com' into Introducir email de usuario, Victor clicks on Introducir Mes de nacimiento de usuario, Victor clicks on Introducir dia de nacimiento de usuario, Victor clicks on Introducir aÃ±o de nacimiento de usuario, Victor clicks on Click boton siguiente], Victor informacion personal dos [Victor enters '055421' into Introducir codigo postal de usuario, Victor clicks on Click en menu de paises, Victor clicks on Introducir pais de residencia de usuario, Victor clicks on Click boton siguiente], Victor informacion personal tre [Victor clicks on clic en computer, Victor clicks on seleccione computer, Victor clicks on clic en version, Victor clicks on seleccione version, Victor clicks on clic en language, Victor clicks on seleccione language, Victor clicks on clic en mobile, Victor clicks on seleccione mobile, Victor clicks on clic en model, Victor clicks on seleccione model, Victor clicks on clic en system, Victor clicks on seleccione system, Victor clicks on clic en next last step], Victor informacion personal cuatr [Victor enters 'Victorlb0896*' into IntroducircontraseÃ±a de usuario, Victor enters 'Victorlb0896*' into Introducir contraseÃ±a de usuario, Victor clicks on Introducir contraseÃ±a de usuario, Victor clicks on Introducir contraseÃ±a de usuario, Victor clicks on Introducir contraseÃ±a de usuario]], Then Verify that the user was created successfully
| validar |
| The last step | [Then validacion]
[Test worker] WARN net.thucydides.core.steps.BaseStepListener - testFinished: Verify the new user registration successfully:Given The user is on the web page [Victor abrir url [Victor opens the U test]], When The user fills out the form with all the required information
| firstName | lastName | email | cdPostal | city | country | createKey |
| Victor | Loaiza | cvsv@gmail.com | 055421 | Envigado | Colombia | Victorlb0896* | [Victor click inicial [Victor clicks on Clic en el botÃ³n Join today], Victor informacion personal [Victor enters 'Victor' into Introducir nombre de usuario, Victor enters 'Loaiza' into Introducir apellido de usuario, Victor enters 'cvsv@gmail.com' into Introducir email de usuario, Victor clicks on Introducir Mes de nacimiento de usuario, Victor clicks on Introducir dia de nacimiento de usuario, Victor clicks on Introducir aÃ±o de nacimiento de usuario, Victor clicks on Click boton siguiente], Victor informacion personal dos [Victor enters '055421' into Introducir codigo postal de usuario, Victor clicks on Click en menu de paises, Victor clicks on Introducir pais de residencia de usuario, Victor clicks on Click boton siguiente], Victor informacion personal tre [Victor clicks on clic en computer, Victor clicks on seleccione computer, Victor clicks on clic en version, Victor clicks on seleccione version, Victor clicks on clic en language, Victor clicks on seleccione language, Victor clicks on clic en mobile, Victor clicks on seleccione mobile, Victor clicks on clic en model, Victor clicks on seleccione model, Victor clicks on clic en system, Victor clicks on seleccione system, Victor clicks on clic en next last step], Victor informacion personal cuatr [Victor enters 'Victorlb0896*' into IntroducircontraseÃ±a de usuario, Victor enters 'Victorlb0896*' into Introducir contraseÃ±a de usuario, Victor clicks on Introducir contraseÃ±a de usuario, Victor clicks on Introducir contraseÃ±a de usuario, Victor clicks on Introducir contraseÃ±a de usuario]], Then Verify that the user was created successfully
| validar |
| The last step | [Then validacion]
[Test worker] WARN net.thucydides.core.steps.BaseStepListener - TestOutcomes: [Verify the new user registration successfully:Given The user is on the web page [Victor abrir url [Victor opens the U test]], When The user fills out the form with all the required information
| firstName | lastName | email | cdPostal | city | country | createKey |
| Victor | Loaiza | cvsv@gmail.com | 055421 | Envigado | Colombia | Victorlb0896* | [Victor click inicial [Victor clicks on Clic en el botÃ³n Join today], Victor informacion personal [Victor enters 'Victor' into Introducir nombre de usuario, Victor enters 'Loaiza' into Introducir apellido de usuario, Victor enters 'cvsv@gmail.com' into Introducir email de usuario, Victor clicks on Introducir Mes de nacimiento de usuario, Victor clicks on Introducir dia de nacimiento de usuario, Victor clicks on Introducir aÃ±o de nacimiento de usuario, Victor clicks on Click boton siguiente], Victor informacion personal dos [Victor enters '055421' into Introducir codigo postal de usuario, Victor clicks on Click en menu de paises, Victor clicks on Introducir pais de residencia de usuario, Victor clicks on Click boton siguiente], Victor informacion personal tre [Victor clicks on clic en computer, Victor clicks on seleccione computer, Victor clicks on clic en version, Victor clicks on seleccione version, Victor clicks on clic en language, Victor clicks on seleccione language, Victor clicks on clic en mobile, Victor clicks on seleccione mobile, Victor clicks on clic en model, Victor clicks on seleccione model, Victor clicks on clic en system, Victor clicks on seleccione system, Victor clicks on clic en next last step], Victor informacion personal cuatr [Victor enters 'Victorlb0896*' into IntroducircontraseÃ±a de usuario, Victor enters 'Victorlb0896*' into Introducir contraseÃ±a de usuario, Victor clicks on Introducir contraseÃ±a de usuario, Victor clicks on Introducir contraseÃ±a de usuario, Victor clicks on Introducir contraseÃ±a de usuario]], Then Verify that the user was created successfully
| validar |
| The last step | [Then validacion]]
sep 12, 2022 10:09:50 PM org.openqa.selenium.os.OsProcess destroy
GRAVE: Unable to kill process java.lang.ProcessImpl@3f6cce7f
[Test worker] WARN net.thucydides.core.steps.BaseStepListener - Final testOutcomes: [Verify the new user registration successfully:Given The user is on the web page [Victor abrir url [Victor opens the U test]], When The user fills out the form with all the required information
| firstName | lastName | email | cdPostal | city | country | createKey |
| Victor | Loaiza | cvsv@gmail.com | 055421 | Envigado | Colombia | Victorlb0896* | [Victor click inicial [Victor clicks on Clic en el botÃ³n Join today], Victor informacion personal [Victor enters 'Victor' into Introducir nombre de usuario, Victor enters 'Loaiza' into Introducir apellido de usuario, Victor enters 'cvsv@gmail.com' into Introducir email de usuario, Victor clicks on Introducir Mes de nacimiento de usuario, Victor clicks on Introducir dia de nacimiento de usuario, Victor clicks on Introducir aÃ±o de nacimiento de usuario, Victor clicks on Click boton siguiente], Victor informacion personal dos [Victor enters '055421' into Introducir codigo postal de usuario, Victor clicks on Click en menu de paises, Victor clicks on Introducir pais de residencia de usuario, Victor clicks on Click boton siguiente], Victor informacion personal tre [Victor clicks on clic en computer, Victor clicks on seleccione computer, Victor clicks on clic en version, Victor clicks on seleccione version, Victor clicks on clic en language, Victor clicks on seleccione language, Victor clicks on clic en mobile, Victor clicks on seleccione mobile, Victor clicks on clic en model, Victor clicks on seleccione model, Victor clicks on clic en system, Victor clicks on seleccione system, Victor clicks on clic en next last step], Victor informacion personal cuatr [Victor enters 'Victorlb0896*' into IntroducircontraseÃ±a de usuario, Victor enters 'Victorlb0896*' into Introducir contraseÃ±a de usuario, Victor clicks on Introducir contraseÃ±a de usuario, Victor clicks on Introducir contraseÃ±a de usuario, Victor clicks on Introducir contraseÃ±a de usuario]], Then Verify that the user was created successfully
| validar |
| The last step | [Then validacion]]
[Test worker] INFO net.thucydides.core.steps.ConsoleLoggingListener - 
        __    _____ _____ ____ _____   ____   _    ____  ____  _____ ____  
  _     \ \  |_   _| ____/ ___|_   _| |  _ \ / \  / ___|/ ___|| ____|  _ \ 
 (_)_____| |   | | |  _| \___ \ | |   | |_) / _ \ \___ \\___ \|  _| | | | |
  _|_____| |   | | | |___ ___) || |   |  __/ ___ \ ___) |___) | |___| |_| |
 (_)     | |   |_| |_____|____/ |_|   |_| /_/   \_\____/|____/|_____|____/ 
        /_/                                                                

TEST PASSED: Verify the new user registration successfully
----------------------------------------------------------------------------
]]></system-err>
</testsuite>
